<?xml version="1.0" encoding="UTF-8"?>
<testng-results skipped="1" failed="0" ignored="0" total="1" passed="0">
  <reporter-output>
  </reporter-output>
  <suite name="Default suite" duration-ms="62" started-at="2019-08-26T13:18:22Z" finished-at="2019-08-26T13:18:23Z">
    <groups>
    </groups>
    <test name="Default test" duration-ms="62" started-at="2019-08-26T13:18:22Z" finished-at="2019-08-26T13:18:23Z">
      <class name="com.model.HandleMarcuryProparty">
        <test-method status="FAIL" signature="Openbrowser()[pri:0, instance:com.model.HandleMarcuryProparty@6d00a15d]" name="Openbrowser" is-config="true" duration-ms="16" started-at="2019-08-26T13:18:22Z" finished-at="2019-08-26T13:18:22Z">
          <exception class="java.io.FileNotFoundException">
            <message>
              <![CDATA[D:\eclipse\Testing\ravina\seleniumTesting\HandleMarcuryProparty\Config (Access is denied)]]>
            </message>
            <full-stacktrace>
              <![CDATA[java.io.FileNotFoundException: D:\eclipse\Testing\ravina\seleniumTesting\HandleMarcuryProparty\Config (Access is denied)
at java.io.FileInputStream.open0(Native Method)
at java.io.FileInputStream.open(FileInputStream.java:195)
at java.io.FileInputStream.<init>(FileInputStream.java:138)
at java.io.FileInputStream.<init>(FileInputStream.java:93)
at com.model.HandleMarcuryProparty.Openbrowser(HandleMarcuryProparty.java:54)
at sun.reflect.NativeMethodAccessorImpl.invoke0(Native Method)
at sun.reflect.NativeMethodAccessorImpl.invoke(NativeMethodAccessorImpl.java:62)
at sun.reflect.DelegatingMethodAccessorImpl.invoke(DelegatingMethodAccessorImpl.java:43)
at java.lang.reflect.Method.invoke(Method.java:498)
at org.testng.internal.MethodInvocationHelper.invokeMethod(MethodInvocationHelper.java:124)
at org.testng.internal.MethodInvocationHelper.invokeMethodConsideringTimeout(MethodInvocationHelper.java:59)
at org.testng.internal.Invoker.invokeConfigurationMethod(Invoker.java:458)
at org.testng.internal.Invoker.invokeConfigurations(Invoker.java:222)
at org.testng.internal.Invoker.invokeConfigurations(Invoker.java:142)
at org.testng.SuiteRunner.privateRun(SuiteRunner.java:401)
at org.testng.SuiteRunner.run(SuiteRunner.java:364)
at org.testng.SuiteRunnerWorker.runSuite(SuiteRunnerWorker.java:52)
at org.testng.SuiteRunnerWorker.run(SuiteRunnerWorker.java:84)
at org.testng.TestNG.runSuitesSequentially(TestNG.java:1208)
at org.testng.TestNG.runSuitesLocally(TestNG.java:1137)
at org.testng.TestNG.runSuites(TestNG.java:1049)
at org.testng.TestNG.run(TestNG.java:1017)
at org.testng.remote.AbstractRemoteTestNG.run(AbstractRemoteTestNG.java:132)
at org.testng.remote.RemoteTestNG.initAndRun(RemoteTestNG.java:230)
at org.testng.remote.RemoteTestNG.main(RemoteTestNG.java:76)
]]>
            </full-stacktrace>
          </exception> <!-- java.io.FileNotFoundException -->
          <reporter-output>
          </reporter-output>
        </test-method> <!-- Openbrowser -->
        <test-method status="SKIP" signature="beforeTest()[pri:0, instance:com.model.HandleMarcuryProparty@6d00a15d]" name="beforeTest" is-config="true" duration-ms="0" started-at="2019-08-26T13:18:22Z" finished-at="2019-08-26T13:18:22Z">
          <reporter-output>
          </reporter-output>
        </test-method> <!-- beforeTest -->
        <test-method status="SKIP" signature="beforeClass()[pri:0, instance:com.model.HandleMarcuryProparty@6d00a15d]" name="beforeClass" is-config="true" duration-ms="0" started-at="2019-08-26T13:18:22Z" finished-at="2019-08-26T13:18:22Z">
          <reporter-output>
          </reporter-output>
        </test-method> <!-- beforeClass -->
        <test-method status="SKIP" signature="afterMethod()[pri:0, instance:com.model.HandleMarcuryProparty@6d00a15d]" name="afterMethod" is-config="true" duration-ms="0" started-at="2019-08-26T13:18:22Z" finished-at="2019-08-26T13:18:22Z">
          <reporter-output>
          </reporter-output>
        </test-method> <!-- afterMethod -->
        <test-method status="SKIP" signature="beforeMethod()[pri:0, instance:com.model.HandleMarcuryProparty@6d00a15d]" name="beforeMethod" is-config="true" duration-ms="0" started-at="2019-08-26T13:18:22Z" finished-at="2019-08-26T13:18:22Z">
          <reporter-output>
          </reporter-output>
        </test-method> <!-- beforeMethod -->
        <test-method status="SKIP" signature="afterClass()[pri:0, instance:com.model.HandleMarcuryProparty@6d00a15d]" name="afterClass" is-config="true" duration-ms="0" started-at="2019-08-26T13:18:22Z" finished-at="2019-08-26T13:18:22Z">
          <reporter-output>
          </reporter-output>
        </test-method> <!-- afterClass -->
        <test-method status="SKIP" signature="f()[pri:0, instance:com.model.HandleMarcuryProparty@6d00a15d]" name="f" duration-ms="0" started-at="2019-08-26T13:18:22Z" finished-at="2019-08-26T13:18:22Z">
          <exception class="java.io.FileNotFoundException">
            <message>
              <![CDATA[D:\eclipse\Testing\ravina\seleniumTesting\HandleMarcuryProparty\Config (Access is denied)]]>
            </message>
            <full-stacktrace>
              <![CDATA[java.io.FileNotFoundException: D:\eclipse\Testing\ravina\seleniumTesting\HandleMarcuryProparty\Config (Access is denied)
at java.io.FileInputStream.open0(Native Method)
at java.io.FileInputStream.open(FileInputStream.java:195)
at java.io.FileInputStream.<init>(FileInputStream.java:138)
at java.io.FileInputStream.<init>(FileInputStream.java:93)
at com.model.HandleMarcuryProparty.Openbrowser(HandleMarcuryProparty.java:54)
at sun.reflect.NativeMethodAccessorImpl.invoke0(Native Method)
at sun.reflect.NativeMethodAccessorImpl.invoke(NativeMethodAccessorImpl.java:62)
at sun.reflect.DelegatingMethodAccessorImpl.invoke(DelegatingMethodAccessorImpl.java:43)
at java.lang.reflect.Method.invoke(Method.java:498)
at org.testng.internal.MethodInvocationHelper.invokeMethod(MethodInvocationHelper.java:124)
at org.testng.internal.MethodInvocationHelper.invokeMethodConsideringTimeout(MethodInvocationHelper.java:59)
at org.testng.internal.Invoker.invokeConfigurationMethod(Invoker.java:458)
at org.testng.internal.Invoker.invokeConfigurations(Invoker.java:222)
at org.testng.internal.Invoker.invokeConfigurations(Invoker.java:142)
at org.testng.SuiteRunner.privateRun(SuiteRunner.java:401)
at org.testng.SuiteRunner.run(SuiteRunner.java:364)
at org.testng.SuiteRunnerWorker.runSuite(SuiteRunnerWorker.java:52)
at org.testng.SuiteRunnerWorker.run(SuiteRunnerWorker.java:84)
at org.testng.TestNG.runSuitesSequentially(TestNG.java:1208)
at org.testng.TestNG.runSuitesLocally(TestNG.java:1137)
at org.testng.TestNG.runSuites(TestNG.java:1049)
at org.testng.TestNG.run(TestNG.java:1017)
at org.testng.remote.AbstractRemoteTestNG.run(AbstractRemoteTestNG.java:132)
at org.testng.remote.RemoteTestNG.initAndRun(RemoteTestNG.java:230)
at org.testng.remote.RemoteTestNG.main(RemoteTestNG.java:76)
]]>
            </full-stacktrace>
          </exception> <!-- java.io.FileNotFoundException -->
          <reporter-output>
          </reporter-output>
        </test-method> <!-- f -->
        <test-method status="SKIP" signature="afterTest()[pri:0, instance:com.model.HandleMarcuryProparty@6d00a15d]" name="afterTest" is-config="true" duration-ms="0" started-at="2019-08-26T13:18:23Z" finished-at="2019-08-26T13:18:23Z">
          <reporter-output>
          </reporter-output>
        </test-method> <!-- afterTest -->
        <test-method status="SKIP" signature="afterSuite()[pri:0, instance:com.model.HandleMarcuryProparty@6d00a15d]" name="afterSuite" is-config="true" duration-ms="0" started-at="2019-08-26T13:18:23Z" finished-at="2019-08-26T13:18:23Z">
          <reporter-output>
          </reporter-output>
        </test-method> <!-- afterSuite -->
      </class> <!-- com.model.HandleMarcuryProparty -->
    </test> <!-- Default test -->
  </suite> <!-- Default suite -->
</testng-results>
